mode: set
capstone/happyApp/features/community/usecase/logic.go:13.67,17.2 1 1
capstone/happyApp/features/community/usecase/logic.go:19.99,22.2 2 1
capstone/happyApp/features/community/usecase/logic.go:24.87,27.2 2 0
capstone/happyApp/features/community/usecase/logic.go:29.79,32.2 2 0
capstone/happyApp/features/community/usecase/logic.go:34.72,36.17 2 0
capstone/happyApp/features/community/usecase/logic.go:40.2,41.18 2 0
capstone/happyApp/features/community/usecase/logic.go:55.2,55.17 1 0
capstone/happyApp/features/community/usecase/logic.go:36.17,38.3 1 0
capstone/happyApp/features/community/usecase/logic.go:41.18,43.19 2 0
capstone/happyApp/features/community/usecase/logic.go:46.3,46.21 1 0
capstone/happyApp/features/community/usecase/logic.go:43.19,45.4 1 0
capstone/happyApp/features/community/usecase/logic.go:47.8,47.28 1 0
capstone/happyApp/features/community/usecase/logic.go:47.28,49.19 2 0
capstone/happyApp/features/community/usecase/logic.go:52.3,52.66 1 0
capstone/happyApp/features/community/usecase/logic.go:49.19,51.4 1 0
capstone/happyApp/features/community/usecase/logic.go:58.99,60.16 2 0
capstone/happyApp/features/community/usecase/logic.go:66.2,67.18 2 0
capstone/happyApp/features/community/usecase/logic.go:60.16,62.3 1 0
capstone/happyApp/features/community/usecase/logic.go:62.8,62.28 1 0
capstone/happyApp/features/community/usecase/logic.go:62.28,64.3 1 0
capstone/happyApp/features/community/usecase/logic.go:70.108,73.2 2 0
capstone/happyApp/features/community/usecase/logic.go:75.80,77.17 2 0
capstone/happyApp/features/community/usecase/logic.go:81.2,82.19 2 0
capstone/happyApp/features/community/usecase/logic.go:77.17,79.3 1 0
capstone/happyApp/features/community/usecase/logic.go:85.75,88.2 2 0
capstone/happyApp/features/community/usecase/logic.go:90.87,93.2 2 0
capstone/happyApp/features/community/usecase/logic.go:95.80,98.2 2 0
capstone/happyApp/features/community/usecase/logic.go:100.108,103.2 2 0
